============================================================
  Generated by:           Genus(TM) Synthesis Solution 22.12-s082_1
  Generated on:           Nov 13 2023  08:46:57 pm
  Module:                 riscv_top
  Library domain:         PVT_0P63V_100C.setup_cond
    Domain index:         0
    Technology libraries: asap7sc7p5t_SIMPLE_RVT_SS_nldm_201020 1.0
                          asap7sc7p5t_SIMPLE_LVT_SS_nldm_201020 1.0
                          asap7sc7p5t_SIMPLE_SLVT_SS_nldm_201020 1.0
                          asap7sc7p5t_SIMPLE_SRAM_SS_nldm_201020 1.0
                          asap7sc7p5t_AO_RVT_SS_nldm_201020 1.0
                          asap7sc7p5t_AO_LVT_SS_nldm_201020 1.0
                          asap7sc7p5t_AO_SLVT_SS_nldm_201020 1.0
                          asap7sc7p5t_AO_SRAM_SS_nldm_201020 1.0
                          asap7sc7p5t_OA_RVT_SS_nldm_201020 1.0
                          asap7sc7p5t_OA_LVT_SS_nldm_201020 1.0
                          asap7sc7p5t_OA_SLVT_SS_nldm_201020 1.0
                          asap7sc7p5t_OA_SRAM_SS_nldm_201020 1.0
                          asap7sc7p5t_SEQ_RVT_SS_nldm_201020 1.0
                          asap7sc7p5t_SEQ_LVT_SS_nldm_201020 1.0
                          asap7sc7p5t_SEQ_SLVT_SS_nldm_201020 1.0
                          asap7sc7p5t_SEQ_SRAM_SS_nldm_201020 1.0
                          asap7sc7p5t_INVBUF_RVT_SS_nldm_201020 1.0
                          asap7sc7p5t_INVBUF_LVT_SS_nldm_201020 1.0
                          asap7sc7p5t_INVBUF_SLVT_SS_nldm_201020 1.0
                          asap7sc7p5t_INVBUF_SRAM_SS_nldm_201020 1.0
                          SRAM1RW1024x16_PVT_0P63V_100C 0
                          SRAM1RW1024x17_PVT_0P63V_100C 0
                          SRAM1RW1024x32_PVT_0P63V_100C 0
                          SRAM1RW1024x37_PVT_0P63V_100C 0
                          SRAM1RW1024x38_PVT_0P63V_100C 0
                          SRAM1RW1024x44_PVT_0P63V_100C 0
                          SRAM1RW1024x64_PVT_0P63V_100C 0
                          SRAM1RW1024x8_PVT_0P63V_100C 0
                          SRAM1RW2048x8_PVT_0P63V_100C 0
                          SRAM1RW128x12_PVT_0P63V_100C 0
                          SRAM1RW128x14_PVT_0P63V_100C 0
                          SRAM1RW128x22_PVT_0P63V_100C 0
                          SRAM1RW128x40_PVT_0P63V_100C 0
                          SRAM1RW128x46_PVT_0P63V_100C 0
                          SRAM1RW128x48_PVT_0P63V_100C 0
                          SRAM1RW128x64_PVT_0P63V_100C 0
                          SRAM1RW128x8_PVT_0P63V_100C 0
                          SRAM1RW256x128_PVT_0P63V_100C 0
                          SRAM1RW256x32_PVT_0P63V_100C 0
                          SRAM1RW256x46_PVT_0P63V_100C 0
                          SRAM1RW256x48_PVT_0P63V_100C 0
                          SRAM1RW256x64_PVT_0P63V_100C 0
                          SRAM1RW256x8_PVT_0P63V_100C 0
                          SRAM1RW32x50_PVT_0P63V_100C 0
                          SRAM1RW4096x16_PVT_0P63V_100C 0
                          SRAM1RW4096x8_PVT_0P63V_100C 0
                          SRAM1RW512x128_PVT_0P63V_100C 0
                          SRAM1RW512x32_PVT_0P63V_100C 0
                          SRAM1RW512x64_PVT_0P63V_100C 0
                          SRAM1RW512x8_PVT_0P63V_100C 0
                          SRAM1RW64x128_PVT_0P63V_100C 0
                          SRAM1RW64x20_PVT_0P63V_100C 0
                          SRAM1RW64x21_PVT_0P63V_100C 0
                          SRAM1RW64x22_PVT_0P63V_100C 0
                          SRAM1RW64x32_PVT_0P63V_100C 0
                          SRAM1RW64x34_PVT_0P63V_100C 0
                          SRAM1RW64x8_PVT_0P63V_100C 0
                          SRAM2RW128x16_PVT_0P63V_100C 0
                          SRAM2RW128x32_PVT_0P63V_100C 0
                          SRAM2RW128x4_PVT_0P63V_100C 0
                          SRAM2RW128x8_PVT_0P63V_100C 0
                          SRAM2RW16x16_PVT_0P63V_100C 0
                          SRAM2RW16x32_PVT_0P63V_100C 0
                          SRAM2RW16x4_PVT_0P63V_100C 0
                          SRAM2RW16x8_PVT_0P63V_100C 0
                          SRAM2RW32x16_PVT_0P63V_100C 0
                          SRAM2RW32x22_PVT_0P63V_100C 0
                          SRAM2RW32x32_PVT_0P63V_100C 0
                          SRAM2RW32x33_PVT_0P63V_100C 0
                          SRAM2RW32x39_PVT_0P63V_100C 0
                          SRAM2RW32x4_PVT_0P63V_100C 0
                          SRAM2RW32x8_PVT_0P63V_100C 0
                          SRAM2RW64x16_PVT_0P63V_100C 0
                          SRAM2RW64x24_PVT_0P63V_100C 0
                          SRAM2RW64x32_PVT_0P63V_100C 0
                          SRAM2RW64x4_PVT_0P63V_100C 0
                          SRAM2RW64x8_PVT_0P63V_100C 0
  Operating conditions:   PVT_0P63V_100C 
  Interconnect mode:      global
  Area mode:              physical library
============================================================

Timing
--------

      Analysis view       Clock Period 
---------------------------------------
PVT_0P63V_100C.setup_view clk   5000.0 


         Analysis                 Cost         Critical        Violating 
           View                  Group        Path Slack  TNS    Paths   
-------------------------------------------------------------------------
PVT_0P63V_100C.setup_view cg_enable_group_clk     3844.9  0.0          0 
                                          clk     2284.6  0.0          0 
                                      default   No paths  0.0          0 
-------------------------------------------------------------------------
Total                                                    -0.0          0 
                                                                         

Instance Count
--------------
Leaf Instance Count             2960 
Physical Instance count            0 
Sequential Instance Count        141 
Combinational Instance Count    2819 
Hierarchical Instance Count       10 

Area
----
Cell Area                          14372.369
Physical Cell Area                 0.000
Total Cell Area (Cell+Physical)    14372.369
Net Area                           805.366
Total Area (Cell+Physical+Net)     15177.735

Runtime                            0.0 seconds
Elapsed Runtime                    57 seconds
Genus peak memory usage            1617.73 
Innovus peak memory usage          no_value 
Hostname                           bwrcix-2.EECS.Berkeley.EDU
