###############################################################
#  Generated by:      Cadence Innovus 22.12-s080_1
#  OS:                Linux x86_64(Host ID bwrcix-2.eecs.berkeley.edu)
#  Generated on:      Tue Nov 28 12:29:23 2023
#  Design:            riscv_top
###############################################################
#Design Check : power_intent (2)
# --------------------------------------------------------------------------------------
# Message: Power domain (%s) in view (%s) has no user defined operating condition.
#    Help: To achieve the best QoR of design, it is recommended that user to define complete operating condition in MMMC definition file.
# --------------------------------------------------------------------------------------
dict set design_checks power_intent IMPMSMV-8630 {
  severity warning
  count 2
  violations {
    {AO PVT_0P63V_100C.setup_view}
    {AO PVT_0P77V_0C.hold_view}
  }
}
#Design Check : power_intent (2)
# --------------------------------------------------------------------------------------
# Message: No available AO buffer for power domain (%s) in view (%s).
#    Help: There is no AO buffer found for the reported domain and view, either no buffer found in domain's library set
#or some buffers might be marked as don't use.  If AO buffer is expected to be used in this domain, user must
#correct this issue before proceed in the design flow.
# --------------------------------------------------------------------------------------
dict set design_checks power_intent IMPMSMV-8660 {
  severity warning
  count 2
  violations {
    {AO PVT_0P63V_100C.setup_view}
    {AO PVT_0P77V_0C.hold_view}
  }
}
#Design Check : place (1)
# --------------------------------------------------------------------------------------
# Message: Macro cell <%s> should have a fully covered obstruction.
#    Help: 
# --------------------------------------------------------------------------------------
dict set design_checks place CHKPLC-11 {
  severity warning
  count 1
  violations {
    {SRAM2RW16x32}
  }
}
#Design Check : place (18)
# --------------------------------------------------------------------------------------
# Message: Instance %s not snapped to row-site.
#    Help: 
# --------------------------------------------------------------------------------------
dict set design_checks place IMPFP-10122 {
  severity info
  count 18
  violations {
    {mem/dcache/CACHE_DATA_BANK_0_0}
    {mem/dcache/CACHE_DATA_BANK_0_1}
    {mem/dcache/CACHE_DATA_BANK_0_2}
    {mem/dcache/CACHE_DATA_BANK_0_3}
    {mem/dcache/CACHE_DATA_BANK_1_0}
    {mem/dcache/CACHE_DATA_BANK_1_1}
    {mem/dcache/CACHE_DATA_BANK_1_2}
    {mem/dcache/CACHE_DATA_BANK_1_3}
    {mem/dcache/TAGS}
    {mem/icache/CACHE_DATA_BANK_0_0}
    {mem/icache/CACHE_DATA_BANK_0_1}
    {mem/icache/CACHE_DATA_BANK_0_2}
    {mem/icache/CACHE_DATA_BANK_0_3}
    {mem/icache/CACHE_DATA_BANK_1_0}
    {mem/icache/CACHE_DATA_BANK_1_1}
    {mem/icache/CACHE_DATA_BANK_1_2}
    {mem/icache/CACHE_DATA_BANK_1_3}
    {mem/icache/TAGS}
  }
}
#Design Check : place (21)
# --------------------------------------------------------------------------------------
# Message: Followpin wire is missing at row {%f %f}. This may cause PG connectivity issues for cells that are placed at this location.
#    Help: 
# --------------------------------------------------------------------------------------
dict set design_checks place IMPPP-4422 {
  severity warning
  count 21
  violations {
    {174.960000 0.540000}
    {174.960000 1.620000}
    {174.960000 2.700000}
    {174.960000 3.780000}
    {174.960000 4.860000}
    {174.960000 5.940000}
    {174.960000 7.020000}
    {174.960000 8.100000}
    {174.960000 9.180000}
    {174.960000 10.260000}
    {174.960000 11.340000}
    {174.960000 12.420000}
    {174.960000 13.500000}
    {174.960000 14.580000}
    {174.960000 15.660000}
    {174.960000 16.740000}
    {174.960000 17.820000}
    {174.960000 18.900000}
    {174.960000 19.980000}
    {174.960000 21.060000}
    {174.960000 22.140000}
  }
}
#Design Check : opt (1)
# --------------------------------------------------------------------------------------
# Message: Design is not placed. Place the design before running
#    Help: Use place_design or place_opt_design to place the design.
# --------------------------------------------------------------------------------------
dict set design_checks opt IMPOPT-2901 {
  severity warning
  count 1
  violations {
    {}
  }
}
#Design Check : opt (1)
# --------------------------------------------------------------------------------------
# Message: Maximum transition %.3f is too small compared to maximum transition threshold %.3f, this would result in excessive buffering.
#    Help: 
# --------------------------------------------------------------------------------------
dict set design_checks opt IMPOPT-2908 {
  severity warning
  count 1
  violations {
    {-0.000 0.319}
  }
}
#Design Check : opt (1)
# --------------------------------------------------------------------------------------
# Message: %d instance(s) out of %d are unplaced.
#    Help: 
# --------------------------------------------------------------------------------------
dict set design_checks opt IMPOPT-7276 {
  severity warning
  count 1
  violations {
    {225 225}
  }
}
