============================================================
  Generated by:           Genus(TM) Synthesis Solution 22.12-s082_1
  Generated on:           Nov 28 2023  12:02:40 pm
  Module:                 riscv_top
  Library domain:         PVT_0P63V_100C.setup_cond
    Domain index:         0
    Technology libraries: asap7sc7p5t_SIMPLE_RVT_SS_nldm_201020 1.0
                          asap7sc7p5t_SIMPLE_LVT_SS_nldm_201020 1.0
                          asap7sc7p5t_SIMPLE_SLVT_SS_nldm_201020 1.0
                          asap7sc7p5t_SIMPLE_SRAM_SS_nldm_201020 1.0
                          asap7sc7p5t_AO_RVT_SS_nldm_201020 1.0
                          asap7sc7p5t_AO_LVT_SS_nldm_201020 1.0
                          asap7sc7p5t_AO_SLVT_SS_nldm_201020 1.0
                          asap7sc7p5t_AO_SRAM_SS_nldm_201020 1.0
                          asap7sc7p5t_OA_RVT_SS_nldm_201020 1.0
                          asap7sc7p5t_OA_LVT_SS_nldm_201020 1.0
                          asap7sc7p5t_OA_SLVT_SS_nldm_201020 1.0
                          asap7sc7p5t_OA_SRAM_SS_nldm_201020 1.0
                          asap7sc7p5t_SEQ_RVT_SS_nldm_201020 1.0
                          asap7sc7p5t_SEQ_LVT_SS_nldm_201020 1.0
                          asap7sc7p5t_SEQ_SLVT_SS_nldm_201020 1.0
                          asap7sc7p5t_SEQ_SRAM_SS_nldm_201020 1.0
                          asap7sc7p5t_INVBUF_RVT_SS_nldm_201020 1.0
                          asap7sc7p5t_INVBUF_LVT_SS_nldm_201020 1.0
                          asap7sc7p5t_INVBUF_SLVT_SS_nldm_201020 1.0
                          asap7sc7p5t_INVBUF_SRAM_SS_nldm_201020 1.0
                          SRAM1RW1024x16_PVT_0P63V_100C 0
                          SRAM1RW1024x17_PVT_0P63V_100C 0
                          SRAM1RW1024x32_PVT_0P63V_100C 0
                          SRAM1RW1024x37_PVT_0P63V_100C 0
                          SRAM1RW1024x38_PVT_0P63V_100C 0
                          SRAM1RW1024x44_PVT_0P63V_100C 0
                          SRAM1RW1024x64_PVT_0P63V_100C 0
                          SRAM1RW1024x8_PVT_0P63V_100C 0
                          SRAM1RW2048x8_PVT_0P63V_100C 0
                          SRAM1RW128x12_PVT_0P63V_100C 0
                          SRAM1RW128x14_PVT_0P63V_100C 0
                          SRAM1RW128x22_PVT_0P63V_100C 0
                          SRAM1RW128x40_PVT_0P63V_100C 0
                          SRAM1RW128x46_PVT_0P63V_100C 0
                          SRAM1RW128x48_PVT_0P63V_100C 0
                          SRAM1RW128x64_PVT_0P63V_100C 0
                          SRAM1RW128x8_PVT_0P63V_100C 0
                          SRAM1RW256x128_PVT_0P63V_100C 0
                          SRAM1RW256x32_PVT_0P63V_100C 0
                          SRAM1RW256x46_PVT_0P63V_100C 0
                          SRAM1RW256x48_PVT_0P63V_100C 0
                          SRAM1RW256x64_PVT_0P63V_100C 0
                          SRAM1RW256x8_PVT_0P63V_100C 0
                          SRAM1RW32x50_PVT_0P63V_100C 0
                          SRAM1RW4096x16_PVT_0P63V_100C 0
                          SRAM1RW4096x8_PVT_0P63V_100C 0
                          SRAM1RW512x128_PVT_0P63V_100C 0
                          SRAM1RW512x32_PVT_0P63V_100C 0
                          SRAM1RW512x64_PVT_0P63V_100C 0
                          SRAM1RW512x8_PVT_0P63V_100C 0
                          SRAM1RW64x128_PVT_0P63V_100C 0
                          SRAM1RW64x20_PVT_0P63V_100C 0
                          SRAM1RW64x21_PVT_0P63V_100C 0
                          SRAM1RW64x22_PVT_0P63V_100C 0
                          SRAM1RW64x32_PVT_0P63V_100C 0
                          SRAM1RW64x34_PVT_0P63V_100C 0
                          SRAM1RW64x8_PVT_0P63V_100C 0
                          SRAM2RW128x16_PVT_0P63V_100C 0
                          SRAM2RW128x32_PVT_0P63V_100C 0
                          SRAM2RW128x4_PVT_0P63V_100C 0
                          SRAM2RW128x8_PVT_0P63V_100C 0
                          SRAM2RW16x16_PVT_0P63V_100C 0
                          SRAM2RW16x32_PVT_0P63V_100C 0
                          SRAM2RW16x4_PVT_0P63V_100C 0
                          SRAM2RW16x8_PVT_0P63V_100C 0
                          SRAM2RW32x16_PVT_0P63V_100C 0
                          SRAM2RW32x22_PVT_0P63V_100C 0
                          SRAM2RW32x32_PVT_0P63V_100C 0
                          SRAM2RW32x33_PVT_0P63V_100C 0
                          SRAM2RW32x39_PVT_0P63V_100C 0
                          SRAM2RW32x4_PVT_0P63V_100C 0
                          SRAM2RW32x8_PVT_0P63V_100C 0
                          SRAM2RW64x16_PVT_0P63V_100C 0
                          SRAM2RW64x24_PVT_0P63V_100C 0
                          SRAM2RW64x32_PVT_0P63V_100C 0
                          SRAM2RW64x4_PVT_0P63V_100C 0
                          SRAM2RW64x8_PVT_0P63V_100C 0
  Operating conditions:   PVT_0P63V_100C 
  Interconnect mode:      spatial
  Area mode:              physical library
============================================================

Aspect ratio        : 1.143
Shrink factor       : 1.000
Scale of res/length : 1.000
Scale of cap/length : 1.000
Net derating factor : 1.000
Thermal factor      : 1.189
Via Resistance      : 10.000 ohm (from qrc_tech_file)
Site size           : 1.224 um (from lef [tech+cell])

                                   Capacitance  
  Layer                             / Length         Data source:
Name        Direction Utilization  (pF/micron)       Probabilistic Extraction
------------------------------------------------
<extracted>     U         n/a         0.000019  
<extracted>     V         n/a         0.000019  
<extracted>     H         n/a         0.000018  

                                    Resistance   
  Layer                              / Length         Data source:
Name        Direction Utilization  (ohm/micron)       Probabilistic Extraction
-------------------------------------------------
<extracted>     U         n/a         16.836361  
<extracted>     V         n/a         16.327434  
<extracted>     H         n/a         17.345288  

                                        Area     
  Layer                               / Length        Data source:
Name (bin)  Direction Utilization     (micron)        lef_library
-------------------------------------------------
M1     (0)      V         0.00         0.072000  
M2     (0)      H         1.00         0.072000  
M3     (0)      V         1.00         0.072000  
M4     (1)      H         1.00         0.096000  
M5     (1)      V         1.00         0.096000  
M6     (2)      H         1.00         0.128000  
M7     (2)      V         1.00         0.128000  
M8     (2)      H         1.00         0.160000  
M9     (3)      V         1.00         0.160000  
Pad    (3)      H         1.00         0.160000  

