

Working Directory = /bwrcq/scratch/caderichard/hammer_work/build-asap7-cm/asic-lab/syn-rundir
QoS Summary for riscv_top
================================================================================
Metric                          final          
================================================================================
Slack (ps):                     2,286
  R2R (ps):                     2,286
  I2R (ps):                     3,788
  R2O (ps):                  no_value
  I2O (ps):                  no_value
  CG  (ps):                     3,845
TNS (ps):                           0
  R2R (ps):                         0
  I2R (ps):                         0
  R2O (ps):                  no_value
  I2O (ps):                  no_value
  CG  (ps):                         0
Failing Paths:                      0
Cell Area:                     14,373
Total Cell Area:               14,373
Leaf Instances:                 2,962
Total Instances:                2,962
Utilization (%):                10.28
Tot. Net Length (um):        no_value
Avg. Net Length (um):        no_value
Route Overflow H (%):            0.02
Route Overflow V (%):            0.01
MBCI(%) (bits/gate) :            0.00
Norm Cong Hotspot Area:
  Max Cong:                      0.00
  Tot Cong:                      0.00
================================================================================
CPU  Runtime (h:m:s):        00:01:31
Real Runtime (h:m:s):        00:01:38
CPU  Elapsed (h:m:s):        00:01:38
Real Elapsed (h:m:s):        00:01:42
Memory (MB):                  1762.21
================================================================================
================================================================================
Flow Settings:
================================================================================
Total Runtime (h:m:s): 00:01:39
Total Memory (MB):     1762.21
Executable Version:    22.12-s082_1
================================================================================
Total Cell Area =  Cell Area + Physical Cell Area
Total Instances =  Leaf Instances + Physical Instances


