============================================================
  Generated by:           Genus(TM) Synthesis Solution 22.12-s082_1
  Generated on:           Nov 26 2023  06:20:04 pm
  Module:                 riscv_top
  Library domain:         PVT_0P63V_100C.setup_cond
    Domain index:         0
    Technology libraries: asap7sc7p5t_SIMPLE_RVT_SS_nldm_201020 1.0
                          asap7sc7p5t_SIMPLE_LVT_SS_nldm_201020 1.0
                          asap7sc7p5t_SIMPLE_SLVT_SS_nldm_201020 1.0
                          asap7sc7p5t_SIMPLE_SRAM_SS_nldm_201020 1.0
                          asap7sc7p5t_AO_RVT_SS_nldm_201020 1.0
                          asap7sc7p5t_AO_LVT_SS_nldm_201020 1.0
                          asap7sc7p5t_AO_SLVT_SS_nldm_201020 1.0
                          asap7sc7p5t_AO_SRAM_SS_nldm_201020 1.0
                          asap7sc7p5t_OA_RVT_SS_nldm_201020 1.0
                          asap7sc7p5t_OA_LVT_SS_nldm_201020 1.0
                          asap7sc7p5t_OA_SLVT_SS_nldm_201020 1.0
                          asap7sc7p5t_OA_SRAM_SS_nldm_201020 1.0
                          asap7sc7p5t_SEQ_RVT_SS_nldm_201020 1.0
                          asap7sc7p5t_SEQ_LVT_SS_nldm_201020 1.0
                          asap7sc7p5t_SEQ_SLVT_SS_nldm_201020 1.0
                          asap7sc7p5t_SEQ_SRAM_SS_nldm_201020 1.0
                          asap7sc7p5t_INVBUF_RVT_SS_nldm_201020 1.0
                          asap7sc7p5t_INVBUF_LVT_SS_nldm_201020 1.0
                          asap7sc7p5t_INVBUF_SLVT_SS_nldm_201020 1.0
                          asap7sc7p5t_INVBUF_SRAM_SS_nldm_201020 1.0
                          SRAM1RW1024x16_PVT_0P63V_100C 0
                          SRAM1RW1024x17_PVT_0P63V_100C 0
                          SRAM1RW1024x32_PVT_0P63V_100C 0
                          SRAM1RW1024x37_PVT_0P63V_100C 0
                          SRAM1RW1024x38_PVT_0P63V_100C 0
                          SRAM1RW1024x44_PVT_0P63V_100C 0
                          SRAM1RW1024x64_PVT_0P63V_100C 0
                          SRAM1RW1024x8_PVT_0P63V_100C 0
                          SRAM1RW2048x8_PVT_0P63V_100C 0
                          SRAM1RW128x12_PVT_0P63V_100C 0
                          SRAM1RW128x14_PVT_0P63V_100C 0
                          SRAM1RW128x22_PVT_0P63V_100C 0
                          SRAM1RW128x40_PVT_0P63V_100C 0
                          SRAM1RW128x46_PVT_0P63V_100C 0
                          SRAM1RW128x48_PVT_0P63V_100C 0
                          SRAM1RW128x64_PVT_0P63V_100C 0
                          SRAM1RW128x8_PVT_0P63V_100C 0
                          SRAM1RW256x128_PVT_0P63V_100C 0
                          SRAM1RW256x32_PVT_0P63V_100C 0
                          SRAM1RW256x46_PVT_0P63V_100C 0
                          SRAM1RW256x48_PVT_0P63V_100C 0
                          SRAM1RW256x64_PVT_0P63V_100C 0
                          SRAM1RW256x8_PVT_0P63V_100C 0
                          SRAM1RW32x50_PVT_0P63V_100C 0
                          SRAM1RW4096x16_PVT_0P63V_100C 0
                          SRAM1RW4096x8_PVT_0P63V_100C 0
                          SRAM1RW512x128_PVT_0P63V_100C 0
                          SRAM1RW512x32_PVT_0P63V_100C 0
                          SRAM1RW512x64_PVT_0P63V_100C 0
                          SRAM1RW512x8_PVT_0P63V_100C 0
                          SRAM1RW64x128_PVT_0P63V_100C 0
                          SRAM1RW64x20_PVT_0P63V_100C 0
                          SRAM1RW64x21_PVT_0P63V_100C 0
                          SRAM1RW64x22_PVT_0P63V_100C 0
                          SRAM1RW64x32_PVT_0P63V_100C 0
                          SRAM1RW64x34_PVT_0P63V_100C 0
                          SRAM1RW64x8_PVT_0P63V_100C 0
                          SRAM2RW128x16_PVT_0P63V_100C 0
                          SRAM2RW128x32_PVT_0P63V_100C 0
                          SRAM2RW128x4_PVT_0P63V_100C 0
                          SRAM2RW128x8_PVT_0P63V_100C 0
                          SRAM2RW16x16_PVT_0P63V_100C 0
                          SRAM2RW16x32_PVT_0P63V_100C 0
                          SRAM2RW16x4_PVT_0P63V_100C 0
                          SRAM2RW16x8_PVT_0P63V_100C 0
                          SRAM2RW32x16_PVT_0P63V_100C 0
                          SRAM2RW32x22_PVT_0P63V_100C 0
                          SRAM2RW32x32_PVT_0P63V_100C 0
                          SRAM2RW32x33_PVT_0P63V_100C 0
                          SRAM2RW32x39_PVT_0P63V_100C 0
                          SRAM2RW32x4_PVT_0P63V_100C 0
                          SRAM2RW32x8_PVT_0P63V_100C 0
                          SRAM2RW64x16_PVT_0P63V_100C 0
                          SRAM2RW64x24_PVT_0P63V_100C 0
                          SRAM2RW64x32_PVT_0P63V_100C 0
                          SRAM2RW64x4_PVT_0P63V_100C 0
                          SRAM2RW64x8_PVT_0P63V_100C 0
  Operating conditions:   PVT_0P63V_100C 
  Interconnect mode:      spatial
  Area mode:              physical library
============================================================

     Instance          Module     Cell Count  Cell Area  Net Area   Total Area 
-------------------------------------------------------------------------------
riscv_top                               2962  14373.302  1132.493    15505.795 
  cpu              Riscv151             1068   1008.936    76.861     1085.797 
    DATA_DX        RiscvDataDX           320    481.257    76.229      557.485 
      DATA_REGFILE Regfile               163    371.382    76.229      447.610 
    DATA_MW        RiscvDataMW           208    145.567     0.000      145.567 
    PC_GEN         PCGen                  33     27.294     0.632       27.926 
  mem              Memory151            1579  13118.722   511.505    13630.227 
    arbiter        riscv_arbiter          42     32.193     2.357       34.550 
    dcache         cache_1               467   6425.108   192.981     6618.089 
    icache         cache                 697   6400.381   310.877     6711.258 
